#
# There is insufficient memory for the Java Runtime Environment to continue.
# Native memory allocation (malloc) failed to allocate 1049616 bytes for Chunk::new
# Possible reasons:
#   The system is out of physical RAM or swap space
#   The process is running with CompressedOops enabled, and the Java Heap may be blocking the growth of the native heap
# Possible solutions:
#   Reduce memory load on the system
#   Increase physical memory or swap space
#   Check if swap backing store is full
#   Decrease Java heap size (-Xmx/-Xms)
#   Decrease number of Java threads
#   Decrease Java thread stack sizes (-Xss)
#   Set larger code cache with -XX:ReservedCodeCacheSize=
#   JVM is running with Unscaled Compressed Oops mode in which the Java heap is
#     placed in the first 4GB address space. The Java Heap base address is the
#     maximum limit for the native heap growth. Please use -XX:HeapBaseMinAddress
#     to set the Java Heap base and to place the Java Heap above 4GB virtual address.
# This output file may be truncated or incomplete.
#
#  Out of Memory Error (./src/hotspot/share/memory/arena.cpp:197), pid=14044, tid=10080
#
# JRE version: OpenJDK Runtime Environment AdoptOpenJDK (11.0.10+9) (build 11.0.10+9)
# Java VM: OpenJDK 64-Bit Server VM AdoptOpenJDK (11.0.10+9, mixed mode, tiered, compressed oops, g1 gc, windows-amd64)
# No core dump will be written. Minidumps are not enabled by default on client versions of Windows
#

---------------  S U M M A R Y ------------

Command Line: com.st.microxplorer.maingui.STM32CubeMX D:\cube32\c8_hongwai\c8_hongwai.ioc

Host: AMD Ryzen 5 2500U with Radeon Vega Mobile Gfx  , 8 cores, 6G,  Windows 10 , 64 bit Build 19041 (10.0.19041.1706)
Time: Tue Jun  7 15:37:43 2022 中国标准时间 elapsed time: 4.935410 seconds (0d 0h 0m 4s)

---------------  T H R E A D  ---------------

Current thread (0x000002b0f6f84000):  JavaThread "C2 CompilerThread1" daemon [_thread_in_native, id=10080, stack(0x000000ea18d00000,0x000000ea18e00000)]


Current CompileTask:
C2:   4935 2919       4       jdk.internal.org.objectweb.asm.Frame::execute (2264 bytes)

Stack: [0x000000ea18d00000,0x000000ea18e00000]
Native frames: (J=compiled Java code, j=interpreted, Vv=VM code, C=native code)
V  [jvm.dll+0x5f35ea]
V  [jvm.dll+0x77c65e]
V  [jvm.dll+0x77dd2f]
V  [jvm.dll+0x77e3f3]
V  [jvm.dll+0x246c38]
V  [jvm.dll+0xbe6cc]
V  [jvm.dll+0xbedcc]
V  [jvm.dll+0x2b5ef4]
V  [jvm.dll+0x507c19]
V  [jvm.dll+0x2086dd]
V  [jvm.dll+0x20264a]
V  [jvm.dll+0x1ff5ef]
V  [jvm.dll+0x1846bc]
V  [jvm.dll+0x20ec37]
V  [jvm.dll+0x20ce1b]
V  [jvm.dll+0x740b39]
V  [jvm.dll+0x739ba4]
V  [jvm.dll+0x5f2466]
C  [ucrtbase.dll+0x21bb2]
C  [KERNEL32.DLL+0x17034]
C  [ntdll.dll+0x52651]


---------------  P R O C E S S  ---------------

Threads class SMR info:
_java_thread_list=0x000002b0fd7acd80, length=20, elements={
0x000002b0f4997000, 0x000002b0f499f800, 0x000002b0f49c5800, 0x000002b0f49c6000,
0x000002b0f49cb800, 0x000002b0f49d0800, 0x000002b0f49dd000, 0x000002b0f5286800,
0x000002b0f5435800, 0x000002b0f5905000, 0x000002b0f58b4000, 0x000002b0f58b4800,
0x000002b0f5a2d000, 0x000002b0f6d2d000, 0x000002b0f6d2e000, 0x000002b0d3c63800,
0x000002b0f76e3800, 0x000002b0f73bc800, 0x000002b0f796e800, 0x000002b0f6f84000
}

Java Threads: ( => current thread )
  0x000002b0f4997000 JavaThread "Reference Handler" daemon [_thread_blocked, id=9128, stack(0x000000ea17500000,0x000000ea17600000)]
  0x000002b0f499f800 JavaThread "Finalizer" daemon [_thread_blocked, id=18388, stack(0x000000ea17600000,0x000000ea17700000)]
  0x000002b0f49c5800 JavaThread "Signal Dispatcher" daemon [_thread_blocked, id=3372, stack(0x000000ea17700000,0x000000ea17800000)]
  0x000002b0f49c6000 JavaThread "Attach Listener" daemon [_thread_blocked, id=14220, stack(0x000000ea17800000,0x000000ea17900000)]
  0x000002b0f49cb800 JavaThread "Service Thread" daemon [_thread_blocked, id=16636, stack(0x000000ea17900000,0x000000ea17a00000)]
  0x000002b0f49d0800 JavaThread "C2 CompilerThread0" daemon [_thread_in_native, id=16984, stack(0x000000ea17a00000,0x000000ea17b00000)]
  0x000002b0f49dd000 JavaThread "C1 CompilerThread0" daemon [_thread_blocked, id=19292, stack(0x000000ea17b00000,0x000000ea17c00000)]
  0x000002b0f5286800 JavaThread "Sweeper thread" daemon [_thread_blocked, id=17220, stack(0x000000ea17c00000,0x000000ea17d00000)]
  0x000002b0f5435800 JavaThread "Common-Cleaner" daemon [_thread_blocked, id=724, stack(0x000000ea17e00000,0x000000ea17f00000)]
  0x000002b0f5905000 JavaThread "Java2D Disposer" daemon [_thread_blocked, id=4612, stack(0x000000ea17f00000,0x000000ea18000000)]
  0x000002b0f58b4000 JavaThread "AWT-Shutdown" [_thread_blocked, id=720, stack(0x000000ea18000000,0x000000ea18100000)]
  0x000002b0f58b4800 JavaThread "AWT-Windows" daemon [_thread_in_native, id=18512, stack(0x000000ea18100000,0x000000ea18200000)]
  0x000002b0f5a2d000 JavaThread "AWT-EventQueue-0" [_thread_in_native, id=15920, stack(0x000000ea18a00000,0x000000ea18b00000)]
  0x000002b0f6d2d000 JavaThread "SplashThread" [_thread_blocked, id=15644, stack(0x000000ea18b00000,0x000000ea18c00000)]
  0x000002b0f6d2e000 JavaThread "D3D Screen Updater" daemon [_thread_blocked, id=16904, stack(0x000000ea18c00000,0x000000ea18d00000)]
  0x000002b0d3c63800 JavaThread "DestroyJavaVM" [_thread_blocked, id=8948, stack(0x000000ea16e00000,0x000000ea16f00000)]
  0x000002b0f76e3800 JavaThread "Thread-0" [_thread_blocked, id=15808, stack(0x000000ea19700000,0x000000ea19800000)]
  0x000002b0f73bc800 JavaThread "Image Fetcher 0" daemon [_thread_blocked, id=5044, stack(0x000000ea19800000,0x000000ea19900000)]
  0x000002b0f796e800 JavaThread "thirdparty-integrity-check" [_thread_blocked, id=6848, stack(0x000000ea19900000,0x000000ea19a00000)]
=>0x000002b0f6f84000 JavaThread "C2 CompilerThread1" daemon [_thread_in_native, id=10080, stack(0x000000ea18d00000,0x000000ea18e00000)]

Other Threads:
  0x000002b0f4973000 VMThread "VM Thread" [stack: 0x000000ea17400000,0x000000ea17500000] [id=12784]
  0x000002b0f5431800 WatcherThread [stack: 0x000000ea17d00000,0x000000ea17e00000] [id=15684]
  0x000002b0d3c7b000 GCTaskThread "GC Thread#0" [stack: 0x000000ea16f00000,0x000000ea17000000] [id=17088]
  0x000002b0f6fd8800 GCTaskThread "GC Thread#1" [stack: 0x000000ea18e00000,0x000000ea18f00000] [id=2332]
  0x000002b0f6f80000 GCTaskThread "GC Thread#2" [stack: 0x000000ea18f00000,0x000000ea19000000] [id=14924]
  0x000002b0f6f80800 GCTaskThread "GC Thread#3" [stack: 0x000000ea19000000,0x000000ea19100000] [id=16396]
  0x000002b0f6f81800 GCTaskThread "GC Thread#4" [stack: 0x000000ea19100000,0x000000ea19200000] [id=16664]
  0x000002b0f6fd6000 GCTaskThread "GC Thread#5" [stack: 0x000000ea19200000,0x000000ea19300000] [id=19172]
  0x000002b0f6fd6800 GCTaskThread "GC Thread#6" [stack: 0x000000ea19300000,0x000000ea19400000] [id=2436]
  0x000002b0f6fd7800 GCTaskThread "GC Thread#7" [stack: 0x000000ea19400000,0x000000ea19500000] [id=10040]
  0x000002b0d3cab000 ConcurrentGCThread "G1 Main Marker" [stack: 0x000000ea17000000,0x000000ea17100000] [id=16156]
  0x000002b0d3cac800 ConcurrentGCThread "G1 Conc#0" [stack: 0x000000ea17100000,0x000000ea17200000] [id=15996]
  0x000002b0f558a800 ConcurrentGCThread "G1 Conc#1" [stack: 0x000000ea19500000,0x000000ea19600000] [id=17676]
  0x000002b0d3d3e000 ConcurrentGCThread "G1 Refine#0" [stack: 0x000000ea17200000,0x000000ea17300000] [id=14916]
  0x000002b0f47e0800 ConcurrentGCThread "G1 Young RemSet Sampling" [stack: 0x000000ea17300000,0x000000ea17400000] [id=16696]

Threads with active compile tasks:
C2 CompilerThread0   4959 3012       4       sun.awt.image.ByteInterleavedRaster::putByteData (834 bytes)
C2 CompilerThread1   4959 2919       4       jdk.internal.org.objectweb.asm.Frame::execute (2264 bytes)

VM state:not at safepoint (normal execution)

VM Mutex/Monitor currently owned by a thread: None

Heap address: 0x0000000091800000, size: 1768 MB, Compressed Oops mode: 32-bit
Narrow klass base: 0x0000000000000000, Narrow klass shift: 3
Compressed class space size: 1073741824 Address: 0x0000000100000000

Heap:
 garbage-first heap   total 114688K, used 39627K [0x0000000091800000, 0x0000000100000000)
  region size 1024K, 31 young (31744K), 6 survivors (6144K)
 Metaspace       used 40636K, capacity 41818K, committed 41984K, reserved 1087488K
  class space    used 4357K, capacity 4827K, committed 4864K, reserved 1048576K
Heap Regions: E=young(eden), S=young(survivor), O=old, HS=humongous(starts), HC=humongous(continues), CS=collection set, F=free, A=archive, TAMS=top-at-mark-start (previous, next)
|   0|0x0000000091800000, 0x0000000091900000, 0x0000000091900000|100%|HS|  |TAMS 0x0000000091900000, 0x0000000091800000| Complete 
|   1|0x0000000091900000, 0x0000000091a00000, 0x0000000091a00000|100%|HC|  |TAMS 0x0000000091a00000, 0x0000000091900000| Complete 
|   2|0x0000000091a00000, 0x0000000091b00000, 0x0000000091b00000|100%|HC|  |TAMS 0x0000000091b00000, 0x0000000091a00000| Complete 
|   3|0x0000000091b00000, 0x0000000091c00000, 0x0000000091c00000|100%|HS|  |TAMS 0x0000000091c00000, 0x0000000091b00000| Complete 
|   4|0x0000000091c00000, 0x0000000091d00000, 0x0000000091d00000|100%| O|  |TAMS 0x0000000091d00000, 0x0000000091c00000| Untracked 
|   5|0x0000000091d00000, 0x0000000091e00000, 0x0000000091e00000|100%| O|  |TAMS 0x0000000091e00000, 0x0000000091d00000| Untracked 
|   6|0x0000000091e00000, 0x0000000091f00000, 0x0000000091f00000|100%| O|  |TAMS 0x0000000091f00000, 0x0000000091e00000| Untracked 
|   7|0x0000000091f00000, 0x0000000092000000, 0x0000000092000000|100%| O|  |TAMS 0x0000000092000000, 0x0000000091f00000| Untracked 
|   8|0x0000000092000000, 0x0000000092069200, 0x0000000092100000| 41%| O|  |TAMS 0x0000000092069200, 0x0000000092000000| Untracked 
|   9|0x0000000092100000, 0x0000000092200000, 0x0000000092200000|100%|HS|  |TAMS 0x0000000092100000, 0x0000000092100000| Complete 
|  10|0x0000000092200000, 0x0000000092200000, 0x0000000092300000|  0%| F|  |TAMS 0x0000000092200000, 0x0000000092200000| Untracked 
|  11|0x0000000092300000, 0x0000000092300000, 0x0000000092400000|  0%| F|  |TAMS 0x0000000092300000, 0x0000000092300000| Untracked 
|  12|0x0000000092400000, 0x0000000092400000, 0x0000000092500000|  0%| F|  |TAMS 0x0000000092400000, 0x0000000092400000| Untracked 
|  13|0x0000000092500000, 0x0000000092500000, 0x0000000092600000|  0%| F|  |TAMS 0x0000000092500000, 0x0000000092500000| Untracked 
|  14|0x0000000092600000, 0x0000000092600000, 0x0000000092700000|  0%| F|  |TAMS 0x0000000092600000, 0x0000000092600000| Untracked 
|  15|0x0000000092700000, 0x0000000092700000, 0x0000000092800000|  0%| F|  |TAMS 0x0000000092700000, 0x0000000092700000| Untracked 
|  16|0x0000000092800000, 0x0000000092800000, 0x0000000092900000|  0%| F|  |TAMS 0x0000000092800000, 0x0000000092800000| Untracked 
|  17|0x0000000092900000, 0x0000000092900000, 0x0000000092a00000|  0%| F|  |TAMS 0x0000000092900000, 0x0000000092900000| Untracked 
|  18|0x0000000092a00000, 0x0000000092a00000, 0x0000000092b00000|  0%| F|  |TAMS 0x0000000092a00000, 0x0000000092a00000| Untracked 
|  19|0x0000000092b00000, 0x0000000092b00000, 0x0000000092c00000|  0%| F|  |TAMS 0x0000000092b00000, 0x0000000092b00000| Untracked 
|  20|0x0000000092c00000, 0x0000000092c00000, 0x0000000092d00000|  0%| F|  |TAMS 0x0000000092c00000, 0x0000000092c00000| Untracked 
|  21|0x0000000092d00000, 0x0000000092d00000, 0x0000000092e00000|  0%| F|  |TAMS 0x0000000092d00000, 0x0000000092d00000| Untracked 
|  22|0x0000000092e00000, 0x0000000092e00000, 0x0000000092f00000|  0%| F|  |TAMS 0x0000000092e00000, 0x0000000092e00000| Untracked 
|  23|0x0000000092f00000, 0x0000000092f00000, 0x0000000093000000|  0%| F|  |TAMS 0x0000000092f00000, 0x0000000092f00000| Untracked 
|  24|0x0000000093000000, 0x0000000093000000, 0x0000000093100000|  0%| F|  |TAMS 0x0000000093000000, 0x0000000093000000| Untracked 
|  25|0x0000000093100000, 0x0000000093100000, 0x0000000093200000|  0%| F|  |TAMS 0x0000000093100000, 0x0000000093100000| Untracked 
|  26|0x0000000093200000, 0x0000000093200000, 0x0000000093300000|  0%| F|  |TAMS 0x0000000093200000, 0x0000000093200000| Untracked 
|  27|0x0000000093300000, 0x0000000093300000, 0x0000000093400000|  0%| F|  |TAMS 0x0000000093300000, 0x0000000093300000| Untracked 
|  28|0x0000000093400000, 0x0000000093400000, 0x0000000093500000|  0%| F|  |TAMS 0x0000000093400000, 0x0000000093400000| Untracked 
|  29|0x0000000093500000, 0x0000000093500000, 0x0000000093600000|  0%| F|  |TAMS 0x0000000093500000, 0x0000000093500000| Untracked 
|  30|0x0000000093600000, 0x0000000093600000, 0x0000000093700000|  0%| F|  |TAMS 0x0000000093600000, 0x0000000093600000| Untracked 
|  31|0x0000000093700000, 0x0000000093700000, 0x0000000093800000|  0%| F|  |TAMS 0x0000000093700000, 0x0000000093700000| Untracked 
|  32|0x0000000093800000, 0x0000000093800000, 0x0000000093900000|  0%| F|  |TAMS 0x0000000093800000, 0x0000000093800000| Untracked 
|  33|0x0000000093900000, 0x0000000093900000, 0x0000000093a00000|  0%| F|  |TAMS 0x0000000093900000, 0x0000000093900000| Untracked 
|  34|0x0000000093a00000, 0x0000000093a00000, 0x0000000093b00000|  0%| F|  |TAMS 0x0000000093a00000, 0x0000000093a00000| Untracked 
|  35|0x0000000093b00000, 0x0000000093b00000, 0x0000000093c00000|  0%| F|  |TAMS 0x0000000093b00000, 0x0000000093b00000| Untracked 
|  36|0x0000000093c00000, 0x0000000093c00000, 0x0000000093d00000|  0%| F|  |TAMS 0x0000000093c00000, 0x0000000093c00000| Untracked 
|  37|0x0000000093d00000, 0x0000000093d00000, 0x0000000093e00000|  0%| F|  |TAMS 0x0000000093d00000, 0x0000000093d00000| Untracked 
|  38|0x0000000093e00000, 0x0000000093e00000, 0x0000000093f00000|  0%| F|  |TAMS 0x0000000093e00000, 0x0000000093e00000| Untracked 
|  39|0x0000000093f00000, 0x0000000093f00000, 0x0000000094000000|  0%| F|  |TAMS 0x0000000093f00000, 0x0000000093f00000| Untracked 
|  40|0x0000000094000000, 0x0000000094000000, 0x0000000094100000|  0%| F|  |TAMS 0x0000000094000000, 0x0000000094000000| Untracked 
|  41|0x0000000094100000, 0x0000000094100000, 0x0000000094200000|  0%| F|  |TAMS 0x0000000094100000, 0x0000000094100000| Untracked 
|  42|0x0000000094200000, 0x0000000094200000, 0x0000000094300000|  0%| F|  |TAMS 0x0000000094200000, 0x0000000094200000| Untracked 
|  43|0x0000000094300000, 0x0000000094300000, 0x0000000094400000|  0%| F|  |TAMS 0x0000000094300000, 0x0000000094300000| Untracked 
|  44|0x0000000094400000, 0x0000000094400000, 0x0000000094500000|  0%| F|  |TAMS 0x0000000094400000, 0x0000000094400000| Untracked 
|  45|0x0000000094500000, 0x0000000094500000, 0x0000000094600000|  0%| F|  |TAMS 0x0000000094500000, 0x0000000094500000| Untracked 
|  46|0x0000000094600000, 0x0000000094600000, 0x0000000094700000|  0%| F|  |TAMS 0x0000000094600000, 0x0000000094600000| Untracked 
|  47|0x0000000094700000, 0x0000000094700000, 0x0000000094800000|  0%| F|  |TAMS 0x0000000094700000, 0x0000000094700000| Untracked 
|  48|0x0000000094800000, 0x0000000094800000, 0x0000000094900000|  0%| F|  |TAMS 0x0000000094800000, 0x0000000094800000| Untracked 
|  49|0x0000000094900000, 0x0000000094900000, 0x0000000094a00000|  0%| F|  |TAMS 0x0000000094900000, 0x0000000094900000| Untracked 
|  50|0x0000000094a00000, 0x0000000094a00000, 0x0000000094b00000|  0%| F|  |TAMS 0x0000000094a00000, 0x0000000094a00000| Untracked 
|  51|0x0000000094b00000, 0x0000000094b00000, 0x0000000094c00000|  0%| F|  |TAMS 0x0000000094b00000, 0x0000000094b00000| Untracked 
|  52|0x0000000094c00000, 0x0000000094c00000, 0x0000000094d00000|  0%| F|  |TAMS 0x0000000094c00000, 0x0000000094c00000| Untracked 
|  53|0x0000000094d00000, 0x0000000094d00000, 0x0000000094e00000|  0%| F|  |TAMS 0x0000000094d00000, 0x0000000094d00000| Untracked 
|  54|0x0000000094e00000, 0x0000000094e00000, 0x0000000094f00000|  0%| F|  |TAMS 0x0000000094e00000, 0x0000000094e00000| Untracked 
|  55|0x0000000094f00000, 0x0000000094f00000, 0x0000000095000000|  0%| F|  |TAMS 0x0000000094f00000, 0x0000000094f00000| Untracked 
|  56|0x0000000095000000, 0x0000000095000000, 0x0000000095100000|  0%| F|  |TAMS 0x0000000095000000, 0x0000000095000000| Untracked 
|  57|0x0000000095100000, 0x0000000095100000, 0x0000000095200000|  0%| F|  |TAMS 0x0000000095100000, 0x0000000095100000| Untracked 
|  58|0x0000000095200000, 0x0000000095200000, 0x0000000095300000|  0%| F|  |TAMS 0x0000000095200000, 0x0000000095200000| Untracked 
|  59|0x0000000095300000, 0x0000000095300000, 0x0000000095400000|  0%| F|  |TAMS 0x0000000095300000, 0x0000000095300000| Untracked 
|  60|0x0000000095400000, 0x0000000095400000, 0x0000000095500000|  0%| F|  |TAMS 0x0000000095400000, 0x0000000095400000| Untracked 
|  61|0x0000000095500000, 0x0000000095500000, 0x0000000095600000|  0%| F|  |TAMS 0x0000000095500000, 0x0000000095500000| Untracked 
|  62|0x0000000095600000, 0x0000000095600000, 0x0000000095700000|  0%| F|  |TAMS 0x0000000095600000, 0x0000000095600000| Untracked 
|  63|0x0000000095700000, 0x0000000095700000, 0x0000000095800000|  0%| F|  |TAMS 0x0000000095700000, 0x0000000095700000| Untracked 
|  64|0x0000000095800000, 0x0000000095800000, 0x0000000095900000|  0%| F|  |TAMS 0x0000000095800000, 0x0000000095800000| Untracked 
|  65|0x0000000095900000, 0x0000000095900000, 0x0000000095a00000|  0%| F|  |TAMS 0x0000000095900000, 0x0000000095900000| Untracked 
|  66|0x0000000095a00000, 0x0000000095a00000, 0x0000000095b00000|  0%| F|  |TAMS 0x0000000095a00000, 0x0000000095a00000| Untracked 
|  67|0x0000000095b00000, 0x0000000095b00000, 0x0000000095c00000|  0%| F|  |TAMS 0x0000000095b00000, 0x0000000095b00000| Untracked 
|  68|0x0000000095c00000, 0x0000000095c00000, 0x0000000095d00000|  0%| F|  |TAMS 0x0000000095c00000, 0x0000000095c00000| Untracked 
|  69|0x0000000095d00000, 0x0000000095d00000, 0x0000000095e00000|  0%| F|  |TAMS 0x0000000095d00000, 0x0000000095d00000| Untracked 
|  70|0x0000000095e00000, 0x0000000095e00000, 0x0000000095f00000|  0%| F|  |TAMS 0x0000000095e00000, 0x0000000095e00000| Untracked 
|  71|0x0000000095f00000, 0x0000000095f00000, 0x0000000096000000|  0%| F|  |TAMS 0x0000000095f00000, 0x0000000095f00000| Untracked 
|  72|0x0000000096000000, 0x0000000096000000, 0x0000000096100000|  0%| F|  |TAMS 0x0000000096000000, 0x0000000096000000| Untracked 
|  73|0x0000000096100000, 0x0000000096149ad8, 0x0000000096200000| 28%| S|CS|TAMS 0x0000000096100000, 0x0000000096100000| Complete 
|  74|0x0000000096200000, 0x0000000096300000, 0x0000000096300000|100%| S|CS|TAMS 0x0000000096200000, 0x0000000096200000| Complete 
|  75|0x0000000096300000, 0x0000000096400000, 0x0000000096400000|100%| S|CS|TAMS 0x0000000096300000, 0x0000000096300000| Complete 
|  76|0x0000000096400000, 0x0000000096500000, 0x0000000096500000|100%| S|CS|TAMS 0x0000000096400000, 0x0000000096400000| Complete 
|  77|0x0000000096500000, 0x0000000096600000, 0x0000000096600000|100%| S|CS|TAMS 0x0000000096500000, 0x0000000096500000| Complete 
|  78|0x0000000096600000, 0x0000000096700000, 0x0000000096700000|100%| S|CS|TAMS 0x0000000096600000, 0x0000000096600000| Complete 
|  79|0x0000000096700000, 0x0000000096700000, 0x0000000096800000|  0%| F|  |TAMS 0x0000000096700000, 0x0000000096700000| Untracked 
|  80|0x0000000096800000, 0x0000000096800000, 0x0000000096900000|  0%| F|  |TAMS 0x0000000096800000, 0x0000000096800000| Untracked 
|  81|0x0000000096900000, 0x0000000096900000, 0x0000000096a00000|  0%| F|  |TAMS 0x0000000096900000, 0x0000000096900000| Untracked 
|  82|0x0000000096a00000, 0x0000000096a00000, 0x0000000096b00000|  0%| F|  |TAMS 0x0000000096a00000, 0x0000000096a00000| Untracked 
|  83|0x0000000096b00000, 0x0000000096b00000, 0x0000000096c00000|  0%| F|  |TAMS 0x0000000096b00000, 0x0000000096b00000| Untracked 
|  84|0x0000000096c00000, 0x0000000096c00000, 0x0000000096d00000|  0%| F|  |TAMS 0x0000000096c00000, 0x0000000096c00000| Untracked 
|  85|0x0000000096d00000, 0x0000000096d00000, 0x0000000096e00000|  0%| F|  |TAMS 0x0000000096d00000, 0x0000000096d00000| Untracked 
|  86|0x0000000096e00000, 0x0000000096e00000, 0x0000000096f00000|  0%| F|  |TAMS 0x0000000096e00000, 0x0000000096e00000| Untracked 
|  87|0x0000000096f00000, 0x0000000097000000, 0x0000000097000000|100%| E|  |TAMS 0x0000000096f00000, 0x0000000096f00000| Complete 
|  88|0x0000000097000000, 0x0000000097100000, 0x0000000097100000|100%| E|CS|TAMS 0x0000000097000000, 0x0000000097000000| Complete 
|  89|0x0000000097100000, 0x0000000097200000, 0x0000000097200000|100%| E|CS|TAMS 0x0000000097100000, 0x0000000097100000| Complete 
|  90|0x0000000097200000, 0x0000000097300000, 0x0000000097300000|100%| E|CS|TAMS 0x0000000097200000, 0x0000000097200000| Complete 
|  91|0x0000000097300000, 0x0000000097400000, 0x0000000097400000|100%| E|CS|TAMS 0x0000000097300000, 0x0000000097300000| Complete 
|  92|0x0000000097400000, 0x0000000097500000, 0x0000000097500000|100%| E|CS|TAMS 0x0000000097400000, 0x0000000097400000| Complete 
|  93|0x0000000097500000, 0x0000000097600000, 0x0000000097600000|100%| E|CS|TAMS 0x0000000097500000, 0x0000000097500000| Complete 
|  94|0x0000000097600000, 0x0000000097700000, 0x0000000097700000|100%| E|CS|TAMS 0x0000000097600000, 0x0000000097600000| Complete 
|  95|0x0000000097700000, 0x0000000097800000, 0x0000000097800000|100%| E|CS|TAMS 0x0000000097700000, 0x0000000097700000| Complete 
|  96|0x0000000097800000, 0x0000000097900000, 0x0000000097900000|100%| E|CS|TAMS 0x0000000097800000, 0x0000000097800000| Complete 
|  97|0x0000000097900000, 0x0000000097a00000, 0x0000000097a00000|100%| E|CS|TAMS 0x0000000097900000, 0x0000000097900000| Complete 
|  98|0x0000000097a00000, 0x0000000097b00000, 0x0000000097b00000|100%| E|CS|TAMS 0x0000000097a00000, 0x0000000097a00000| Complete 
|  99|0x0000000097b00000, 0x0000000097c00000, 0x0000000097c00000|100%| E|CS|TAMS 0x0000000097b00000, 0x0000000097b00000| Complete 
| 100|0x0000000097c00000, 0x0000000097d00000, 0x0000000097d00000|100%| E|CS|TAMS 0x0000000097c00000, 0x0000000097c00000| Complete 
| 101|0x0000000097d00000, 0x0000000097e00000, 0x0000000097e00000|100%| E|CS|TAMS 0x0000000097d00000, 0x0000000097d00000| Complete 
| 102|0x0000000097e00000, 0x0000000097f00000, 0x0000000097f00000|100%| E|CS|TAMS 0x0000000097e00000, 0x0000000097e00000| Complete 
| 103|0x0000000097f00000, 0x0000000098000000, 0x0000000098000000|100%| E|CS|TAMS 0x0000000097f00000, 0x0000000097f00000| Complete 
| 104|0x0000000098000000, 0x0000000098100000, 0x0000000098100000|100%| E|CS|TAMS 0x0000000098000000, 0x0000000098000000| Complete 
| 105|0x0000000098100000, 0x0000000098200000, 0x0000000098200000|100%| E|CS|TAMS 0x0000000098100000, 0x0000000098100000| Complete 
| 106|0x0000000098200000, 0x0000000098300000, 0x0000000098300000|100%| E|CS|TAMS 0x0000000098200000, 0x0000000098200000| Complete 
| 107|0x0000000098300000, 0x0000000098400000, 0x0000000098400000|100%| E|CS|TAMS 0x0000000098300000, 0x0000000098300000| Complete 
| 108|0x0000000098400000, 0x0000000098500000, 0x0000000098500000|100%| E|CS|TAMS 0x0000000098400000, 0x0000000098400000| Complete 
| 109|0x0000000098500000, 0x0000000098600000, 0x0000000098600000|100%| E|CS|TAMS 0x0000000098500000, 0x0000000098500000| Complete 
| 110|0x0000000098600000, 0x0000000098700000, 0x0000000098700000|100%| E|CS|TAMS 0x0000000098600000, 0x0000000098600000| Complete 
| 111|0x0000000098700000, 0x0000000098800000, 0x0000000098800000|100%| E|CS|TAMS 0x0000000098700000, 0x0000000098700000| Complete 

Card table byte_map: [0x000002b0ee0a0000,0x000002b0ee420000] _byte_map_base: 0x000002b0edc14000

Marking Bits (Prev, Next): (CMBitMap*) 0x000002b0d3ca3368, (CMBitMap*) 0x000002b0d3ca33a0
 Prev Bits: [0x000002b0ee7a0000, 0x000002b0f0340000)
 Next Bits: [0x000002b0f0340000, 0x000002b0f1ee0000)

Polling page: 0x000002b0d3d40000

Metaspace:

Usage:
  Non-class:     36.12 MB capacity,    35.44 MB ( 98%) used,   613.84 KB (  2%) free+waste,    89.13 KB ( <1%) overhead. 
      Class:      4.71 MB capacity,     4.26 MB ( 90%) used,   422.33 KB (  9%) free+waste,    42.69 KB ( <1%) overhead. 
       Both:     40.84 MB capacity,    39.70 MB ( 97%) used,     1.01 MB (  2%) free+waste,   131.81 KB ( <1%) overhead. 

Virtual space:
  Non-class space:       38.00 MB reserved,      36.25 MB ( 95%) committed 
      Class space:        1.00 GB reserved,       4.75 MB ( <1%) committed 
             Both:        1.04 GB reserved,      41.00 MB (  4%) committed 

Chunk freelists:
   Non-Class:  1.00 KB
       Class:  5.00 KB
        Both:  6.00 KB

MaxMetaspaceSize: 17179869184.00 GB
CompressedClassSpaceSize: 1.00 GB

CodeHeap 'non-profiled nmethods': size=120000Kb used=1168Kb max_used=1168Kb free=118831Kb
 bounds [0x000002b0e5d80000, 0x000002b0e5ff0000, 0x000002b0ed2b0000]
CodeHeap 'profiled nmethods': size=120000Kb used=6605Kb max_used=6605Kb free=113394Kb
 bounds [0x000002b0de850000, 0x000002b0deed0000, 0x000002b0e5d80000]
CodeHeap 'non-nmethods': size=5760Kb used=1280Kb max_used=1299Kb free=4479Kb
 bounds [0x000002b0de2b0000, 0x000002b0de520000, 0x000002b0de850000]
 total_blobs=3704 nmethods=3015 adapters=599
 compilation: enabled
              stopped_count=0, restarted_count=0
 full_count=0

Compilation events (20 events):
Event: 4.919 Thread 0x000002b0f49dd000 2991       1       java.awt.image.SampleModel::getHeight (5 bytes)
Event: 4.919 Thread 0x000002b0f49dd000 nmethod 2991 0x000002b0e5e9e390 code [0x000002b0e5e9e540, 0x000002b0e5e9e5f8]
Event: 4.920 Thread 0x000002b0f49dd000 2992  s    3       sun.java2d.loops.GraphicsPrimitiveMgr::locatePrim (95 bytes)
Event: 4.921 Thread 0x000002b0f49dd000 nmethod 2992 0x000002b0deeb4010 code [0x000002b0deeb4240, 0x000002b0deeb4c08]
Event: 4.924 Thread 0x000002b0f49dd000 2993       3       java.lang.StrictMath::floorOrCeil (128 bytes)
Event: 4.925 Thread 0x000002b0f49dd000 nmethod 2993 0x000002b0deeb5010 code [0x000002b0deeb51e0, 0x000002b0deeb5638]
Event: 4.925 Thread 0x000002b0f49dd000 2994       3       java.lang.Math::getExponent (17 bytes)
Event: 4.925 Thread 0x000002b0f49dd000 nmethod 2994 0x000002b0deeb5710 code [0x000002b0deeb58c0, 0x000002b0deeb59d8]
Event: 4.927 Thread 0x000002b0f49dd000 2995       1       java.awt.image.DataBuffer::getDataType (5 bytes)
Event: 4.927 Thread 0x000002b0f49dd000 nmethod 2995 0x000002b0e5e9e690 code [0x000002b0e5e9e840, 0x000002b0e5e9e8f8]
Event: 4.928 Thread 0x000002b0f49dd000 2996       1       java.awt.image.ColorModel::getNumComponents (5 bytes)
Event: 4.928 Thread 0x000002b0f49dd000 nmethod 2996 0x000002b0e5e9e990 code [0x000002b0e5e9eb40, 0x000002b0e5e9ebf8]
Event: 4.928 Thread 0x000002b0f49dd000 2997       3       jdk.internal.loader.BuiltinClassLoader$2::run (5 bytes)
Event: 4.928 Thread 0x000002b0f49dd000 nmethod 2997 0x000002b0deeb5a90 code [0x000002b0deeb5c40, 0x000002b0deeb5d88]
Event: 4.928 Thread 0x000002b0f49dd000 2998   !   3       sun.nio.fs.WindowsPath::initOffsets (153 bytes)
Event: 4.931 Thread 0x000002b0f49dd000 nmethod 2998 0x000002b0deeb5e10 code [0x000002b0deeb62a0, 0x000002b0deeb8ce8]
Event: 4.931 Thread 0x000002b0f49dd000 2999       3       java.util.Hashtable::<init> (114 bytes)
Event: 4.933 Thread 0x000002b0f49dd000 nmethod 2999 0x000002b0deeb9c90 code [0x000002b0deeba040, 0x000002b0deebb558]
Event: 4.933 Thread 0x000002b0f49dd000 3002       1       java.awt.image.ColorModel::getTransparency (5 bytes)
Event: 4.933 Thread 0x000002b0f49dd000 nmethod 3002 0x000002b0e5e9f090 code [0x000002b0e5e9f240, 0x000002b0e5e9f2f8]

GC Heap History (6 events):
Event: 2.386 GC heap before
{Heap before GC invocations=0 (full 0):
 garbage-first heap   total 114688K, used 25600K [0x0000000091800000, 0x0000000100000000)
  region size 1024K, 22 young (22528K), 0 survivors (0K)
 Metaspace       used 20542K, capacity 21045K, committed 21248K, reserved 1069056K
  class space    used 2095K, capacity 2302K, committed 2304K, reserved 1048576K
}
Event: 2.397 GC heap after
{Heap after GC invocations=1 (full 0):
 garbage-first heap   total 114688K, used 8484K [0x0000000091800000, 0x0000000100000000)
  region size 1024K, 3 young (3072K), 3 survivors (3072K)
 Metaspace       used 20542K, capacity 21045K, committed 21248K, reserved 1069056K
  class space    used 2095K, capacity 2302K, committed 2304K, reserved 1048576K
}
Event: 3.017 GC heap before
{Heap before GC invocations=2 (full 0):
 garbage-first heap   total 114688K, used 22820K [0x0000000091800000, 0x0000000100000000)
  region size 1024K, 17 young (17408K), 3 survivors (3072K)
 Metaspace       used 26414K, capacity 27084K, committed 27264K, reserved 1073152K
  class space    used 2919K, capacity 3169K, committed 3200K, reserved 1048576K
}
Event: 3.024 GC heap after
{Heap after GC invocations=3 (full 0):
 garbage-first heap   total 114688K, used 11419K [0x0000000091800000, 0x0000000100000000)
  region size 1024K, 3 young (3072K), 3 survivors (3072K)
 Metaspace       used 26414K, capacity 27084K, committed 27264K, reserved 1073152K
  class space    used 2919K, capacity 3169K, committed 3200K, reserved 1048576K
}
Event: 3.943 GC heap before
{Heap before GC invocations=3 (full 0):
 garbage-first heap   total 114688K, used 40091K [0x0000000091800000, 0x0000000100000000)
  region size 1024K, 33 young (33792K), 3 survivors (3072K)
 Metaspace       used 34460K, capacity 35478K, committed 35584K, reserved 1081344K
  class space    used 3614K, capacity 4048K, committed 4096K, reserved 1048576K
}
Event: 3.948 GC heap after
{Heap after GC invocations=4 (full 0):
 garbage-first heap   total 114688K, used 14027K [0x0000000091800000, 0x0000000100000000)
  region size 1024K, 6 young (6144K), 6 survivors (6144K)
 Metaspace       used 34460K, capacity 35478K, committed 35584K, reserved 1081344K
  class space    used 3614K, capacity 4048K, committed 4096K, reserved 1048576K
}

Deoptimization events (20 events):
Event: 4.816 Thread 0x000002b0f5a2d000 Uncommon trap: trap_request=0xffffffc6 fr.pc=0x000002b0e5e7713c relative=0x000000000000067c
Event: 4.816 Thread 0x000002b0f5a2d000 Uncommon trap: reason=bimorphic_or_optimized_type_check action=maybe_recompile pc=0x000002b0e5e7713c method=java.util.regex.Pattern$BmpCharProperty.match(Ljava/util/regex/Matcher;ILjava/lang/CharSequence;)Z @ 36 c2
Event: 4.816 Thread 0x000002b0f5a2d000 DEOPT PACKING pc=0x000002b0e5e7713c sp=0x000000ea18afc690
Event: 4.816 Thread 0x000002b0f5a2d000 DEOPT UNPACKING pc=0x000002b0de2d78af sp=0x000000ea18afc568 mode 2
Event: 4.816 Thread 0x000002b0f5a2d000 Uncommon trap: trap_request=0xffffffc6 fr.pc=0x000002b0e5e7713c relative=0x000000000000067c
Event: 4.816 Thread 0x000002b0f5a2d000 Uncommon trap: reason=bimorphic_or_optimized_type_check action=maybe_recompile pc=0x000002b0e5e7713c method=java.util.regex.Pattern$BmpCharProperty.match(Ljava/util/regex/Matcher;ILjava/lang/CharSequence;)Z @ 36 c2
Event: 4.816 Thread 0x000002b0f5a2d000 DEOPT PACKING pc=0x000002b0e5e7713c sp=0x000000ea18afc690
Event: 4.816 Thread 0x000002b0f5a2d000 DEOPT UNPACKING pc=0x000002b0de2d78af sp=0x000000ea18afc568 mode 2
Event: 4.842 Thread 0x000002b0f5a2d000 DEOPT PACKING pc=0x000002b0ded0bc98 sp=0x000000ea18afc8c0
Event: 4.842 Thread 0x000002b0f5a2d000 DEOPT UNPACKING pc=0x000002b0de2d76ce sp=0x000000ea18afbd98 mode 0
Event: 4.853 Thread 0x000002b0f5a2d000 Uncommon trap: trap_request=0xffffff4d fr.pc=0x000002b0e5e95ae8 relative=0x0000000000000808
Event: 4.853 Thread 0x000002b0f5a2d000 Uncommon trap: reason=unstable_if action=reinterpret pc=0x000002b0e5e95ae8 method=javax.swing.UIDefaults.getFromHashtable(Ljava/lang/Object;)Ljava/lang/Object; @ 17 c2
Event: 4.853 Thread 0x000002b0f5a2d000 DEOPT PACKING pc=0x000002b0e5e95ae8 sp=0x000000ea18afc870
Event: 4.853 Thread 0x000002b0f5a2d000 DEOPT UNPACKING pc=0x000002b0de2d78af sp=0x000000ea18afc800 mode 2
Event: 4.906 Thread 0x000002b0f5a2d000 DEOPT PACKING pc=0x000002b0ded0bc98 sp=0x000000ea18afc300
Event: 4.906 Thread 0x000002b0f5a2d000 DEOPT UNPACKING pc=0x000002b0de2d76ce sp=0x000000ea18afb7d8 mode 0
Event: 4.919 Thread 0x000002b0f5a2d000 DEOPT PACKING pc=0x000002b0ded0bc98 sp=0x000000ea18afc300
Event: 4.919 Thread 0x000002b0f5a2d000 DEOPT UNPACKING pc=0x000002b0de2d76ce sp=0x000000ea18afb7d8 mode 0
Event: 4.931 Thread 0x000002b0f5a2d000 DEOPT PACKING pc=0x000002b0ded0bc98 sp=0x000000ea18afc300
Event: 4.931 Thread 0x000002b0f5a2d000 DEOPT UNPACKING pc=0x000002b0de2d76ce sp=0x000000ea18afb7d8 mode 0

Classes redefined (0 events):
No events

Internal exceptions (20 events):
Event: 4.216 Thread 0x000002b0f5a2d000 Exception <a 'java/io/IOException'{0x0000000098192c88}> (0x0000000098192c88) thrown at [./src/hotspot/share/prims/jni.cpp, line 615]
Event: 4.216 Thread 0x000002b0f5a2d000 Exception <a 'java/io/IOException'{0x0000000098193298}> (0x0000000098193298) thrown at [./src/hotspot/share/prims/jni.cpp, line 615]
Event: 4.216 Thread 0x000002b0f796e800 Exception <a 'java/io/IOException'{0x00000000980046d8}> (0x00000000980046d8) thrown at [./src/hotspot/share/prims/jni.cpp, line 615]
Event: 4.216 Thread 0x000002b0f796e800 Exception <a 'java/io/IOException'{0x0000000098004a40}> (0x0000000098004a40) thrown at [./src/hotspot/share/prims/jni.cpp, line 615]
Event: 4.296 Thread 0x000002b0f5a2d000 Exception <a 'java/io/IOException'{0x00000000981a97a0}> (0x00000000981a97a0) thrown at [./src/hotspot/share/prims/jni.cpp, line 615]
Event: 4.296 Thread 0x000002b0f5a2d000 Exception <a 'java/io/IOException'{0x00000000981a9db0}> (0x00000000981a9db0) thrown at [./src/hotspot/share/prims/jni.cpp, line 615]
Event: 4.297 Thread 0x000002b0f5a2d000 Exception <a 'java/io/IOException'{0x00000000981ab928}> (0x00000000981ab928) thrown at [./src/hotspot/share/prims/jni.cpp, line 615]
Event: 4.297 Thread 0x000002b0f5a2d000 Exception <a 'java/io/IOException'{0x00000000981abf38}> (0x00000000981abf38) thrown at [./src/hotspot/share/prims/jni.cpp, line 615]
Event: 4.697 Thread 0x000002b0f5a2d000 Exception <a 'java/io/IOException'{0x00000000975f3348}> (0x00000000975f3348) thrown at [./src/hotspot/share/prims/jni.cpp, line 615]
Event: 4.697 Thread 0x000002b0f5a2d000 Exception <a 'java/io/IOException'{0x00000000975f3958}> (0x00000000975f3958) thrown at [./src/hotspot/share/prims/jni.cpp, line 615]
Event: 4.697 Thread 0x000002b0f5a2d000 Exception <a 'java/io/IOException'{0x00000000975f5550}> (0x00000000975f5550) thrown at [./src/hotspot/share/prims/jni.cpp, line 615]
Event: 4.697 Thread 0x000002b0f5a2d000 Exception <a 'java/io/IOException'{0x00000000975f5b60}> (0x00000000975f5b60) thrown at [./src/hotspot/share/prims/jni.cpp, line 615]
Event: 4.735 Thread 0x000002b0f5a2d000 Exception <a 'java/io/IOException'{0x0000000097478e38}> (0x0000000097478e38) thrown at [./src/hotspot/share/prims/jni.cpp, line 615]
Event: 4.735 Thread 0x000002b0f5a2d000 Exception <a 'java/io/IOException'{0x0000000097479448}> (0x0000000097479448) thrown at [./src/hotspot/share/prims/jni.cpp, line 615]
Event: 4.736 Thread 0x000002b0f5a2d000 Exception <a 'java/io/IOException'{0x000000009747cbc8}> (0x000000009747cbc8) thrown at [./src/hotspot/share/prims/jni.cpp, line 615]
Event: 4.736 Thread 0x000002b0f5a2d000 Exception <a 'java/io/IOException'{0x000000009747d1d8}> (0x000000009747d1d8) thrown at [./src/hotspot/share/prims/jni.cpp, line 615]
Event: 4.777 Thread 0x000002b0f5a2d000 Exception <a 'java/lang/NoSuchMethodError'{0x00000000973d7260}: 'java.lang.Object java.lang.invoke.DirectMethodHandle$Holder.invokeSpecial(java.lang.Object, java.lang.Object, int, int, int, java.lang.Object, int, int, int)'> (0x00000000973d7260) thrown at [./src/hotspot/share/interpreter/linkResolver.cpp, line 773]
Event: 4.777 Thread 0x000002b0f5a2d000 Exception <a 'java/lang/NoSuchMethodError'{0x00000000973da710}: 'java.lang.Object java.lang.invoke.DelegatingMethodHandle$Holder.reinvoke_L(java.lang.Object, int, int, int, java.lang.Object, int, int, int)'> (0x00000000973da710) thrown at [./src/hotspot/share/interpreter/linkResolver.cpp, line 773]
Event: 4.781 Thread 0x000002b0f5a2d000 Exception <a 'java/lang/NoSuchMethodError'{0x0000000097205a90}: 'java.lang.Object java.lang.invoke.DirectMethodHandle$Holder.invokeSpecial(java.lang.Object, java.lang.Object, java.lang.Object, int, int, int)'> (0x0000000097205a90) thrown at [./src/hotspot/share/interpreter/linkResolver.cpp, line 773]
Event: 4.781 Thread 0x000002b0f5a2d000 Exception <a 'java/lang/NoSuchMethodError'{0x0000000097208ec0}: 'java.lang.Object java.lang.invoke.Invokers$Holder.linkToTargetMethod(java.lang.Object, int, int, int, java.lang.Object)'> (0x0000000097208ec0) thrown at [./src/hotspot/share/interpreter/linkResolver.cpp, line 773]

Events (20 events):
Event: 4.889 loading class com/st/microxplorer/plugins/pinoutconfig/engine/AbstractPackage done
Event: 4.890 loading class com/st/microxplorer/plugins/pinoutconfig/engine/BGAPackage
Event: 4.890 loading class com/st/microxplorer/plugins/pinoutconfig/engine/BGAPackage done
Event: 4.892 loading class com/st/microxplorer/plugins/pinoutconfig/gui/PinOutPanel$SignalsListContainer
Event: 4.892 loading class com/st/microxplorer/plugins/pinoutconfig/gui/PinOutPanel$SignalsListContainer done
Event: 4.893 loading class com/st/microxplorer/plugins/pinoutconfig/gui/PinOutPanel$InputLabel
Event: 4.893 loading class com/st/microxplorer/plugins/pinoutconfig/gui/PinOutPanel$InputLabel done
Event: 4.894 loading class com/st/components/swing/Popup
Event: 4.894 loading class com/st/components/swing/Popup done
Event: 4.896 loading class com/st/microxplorer/plugins/pinoutconfig/engine/PowerPadPackage
Event: 4.896 loading class com/st/microxplorer/plugins/pinoutconfig/engine/PowerPadPackage done
Event: 4.896 loading class com/st/microxplorer/plugins/pinoutconfig/engine/Package
Event: 4.896 loading class com/st/microxplorer/plugins/pinoutconfig/engine/Package done
Event: 4.897 loading class com/st/microxplorer/plugins/pinoutconfig/engine/MultiPitchBGAPackage
Event: 4.897 loading class com/st/microxplorer/plugins/pinoutconfig/engine/MultiPitchBGAPackage done
Event: 4.898 loading class com/st/microxplorer/plugins/pinoutconfig/engine/LGAPackage
Event: 4.898 loading class com/st/microxplorer/plugins/pinoutconfig/engine/LGAPackage done
Event: 4.898 loading class com/st/microxplorer/plugins/pinoutconfig/gui/FindPanel
Event: 4.898 loading class com/st/microxplorer/plugins/pinoutconfig/gui/FindPanel done
Event: 4.931 Loaded shared library D:\cube32mx\jre\bin\java.dll


Dynamic libraries:
0x00007ff7b3270000 - 0x00007ff7b327d000 	D:\cube32mx\jre\bin\javaw.exe
0x00007ffad5ef0000 - 0x00007ffad60e5000 	C:\WINDOWS\SYSTEM32\ntdll.dll
0x00007ffad42a0000 - 0x00007ffad435d000 	C:\WINDOWS\System32\KERNEL32.DLL
0x00007ffad3750000 - 0x00007ffad3a1d000 	C:\WINDOWS\System32\KERNELBASE.dll
0x00007ffad0e00000 - 0x00007ffad0e90000 	C:\WINDOWS\SYSTEM32\apphelp.dll
0x00007ffad3a50000 - 0x00007ffad3b50000 	C:\WINDOWS\System32\ucrtbase.dll
0x00007ffac0420000 - 0x00007ffac0437000 	D:\cube32mx\jre\bin\jli.dll
0x00007ffad4fb0000 - 0x00007ffad5150000 	C:\WINDOWS\System32\USER32.dll
0x00007ffac1df0000 - 0x00007ffac208a000 	C:\WINDOWS\WinSxS\amd64_microsoft.windows.common-controls_6595b64144ccf1df_6.0.19041.1110_none_60b5254171f9507e\COMCTL32.dll
0x00007ffad3600000 - 0x00007ffad3622000 	C:\WINDOWS\System32\win32u.dll
0x00007ffad4f10000 - 0x00007ffad4fae000 	C:\WINDOWS\System32\msvcrt.dll
0x00007ffad5e10000 - 0x00007ffad5e3a000 	C:\WINDOWS\System32\GDI32.dll
0x00007ffad3b50000 - 0x00007ffad3c5b000 	C:\WINDOWS\System32\gdi32full.dll
0x00007ffad3c60000 - 0x00007ffad3cfd000 	C:\WINDOWS\System32\msvcp_win.dll
0x00007ffaa61a0000 - 0x00007ffaa61b5000 	D:\cube32mx\jre\bin\VCRUNTIME140.dll
0x00007ffad54b0000 - 0x00007ffad54e0000 	C:\WINDOWS\System32\IMM32.DLL
0x00007ffa8c070000 - 0x00007ffa8c10b000 	D:\cube32mx\jre\bin\msvcp140.dll
0x00007ffa72ea0000 - 0x00007ffa739e3000 	D:\cube32mx\jre\bin\server\jvm.dll
0x00007ffad4dd0000 - 0x00007ffad4e7e000 	C:\WINDOWS\System32\ADVAPI32.dll
0x00007ffad4970000 - 0x00007ffad4a0c000 	C:\WINDOWS\System32\sechost.dll
0x00007ffad4840000 - 0x00007ffad4965000 	C:\WINDOWS\System32\RPCRT4.dll
0x00007ffad4220000 - 0x00007ffad4228000 	C:\WINDOWS\System32\PSAPI.DLL
0x00007ffaca1a0000 - 0x00007ffaca1c7000 	C:\WINDOWS\SYSTEM32\WINMM.dll
0x00007ffacbd70000 - 0x00007ffacbd7a000 	C:\WINDOWS\SYSTEM32\VERSION.dll
0x00007ffac3680000 - 0x00007ffac3689000 	C:\WINDOWS\SYSTEM32\WSOCK32.dll
0x00007ffad5e40000 - 0x00007ffad5eab000 	C:\WINDOWS\System32\WS2_32.dll
0x00007ffad14c0000 - 0x00007ffad14d2000 	C:\WINDOWS\SYSTEM32\kernel.appcore.dll
0x00007ffacf120000 - 0x00007ffacf130000 	D:\cube32mx\jre\bin\verify.dll
0x00007ffac91e0000 - 0x00007ffac93c4000 	C:\WINDOWS\SYSTEM32\DBGHELP.DLL
0x00007ffac3ca0000 - 0x00007ffac3ccc000 	C:\WINDOWS\SYSTEM32\dbgcore.DLL
0x00007ffad3eb0000 - 0x00007ffad3f32000 	C:\WINDOWS\System32\bcryptPrimitives.dll
0x00007ffaa1060000 - 0x00007ffaa1088000 	D:\cube32mx\jre\bin\java.dll
0x00007ffac5f00000 - 0x00007ffac5f0a000 	D:\cube32mx\jre\bin\jimage.dll
0x00007ffaa6090000 - 0x00007ffaa60a7000 	D:\cube32mx\jre\bin\zip.dll
0x00007ffad5660000 - 0x00007ffad5da4000 	C:\WINDOWS\System32\SHELL32.dll
0x00007ffad16c0000 - 0x00007ffad1e54000 	C:\WINDOWS\SYSTEM32\windows.storage.dll
0x00007ffad5150000 - 0x00007ffad54a4000 	C:\WINDOWS\System32\combase.dll
0x00007ffad2f10000 - 0x00007ffad2f3c000 	C:\WINDOWS\SYSTEM32\Wldp.dll
0x00007ffad40f0000 - 0x00007ffad419d000 	C:\WINDOWS\System32\SHCORE.dll
0x00007ffad4230000 - 0x00007ffad4285000 	C:\WINDOWS\System32\shlwapi.dll
0x00007ffad3540000 - 0x00007ffad355f000 	C:\WINDOWS\SYSTEM32\profapi.dll
0x00007ffaa3240000 - 0x00007ffaa3259000 	D:\cube32mx\jre\bin\net.dll
0x00007ffac7300000 - 0x00007ffac740a000 	C:\WINDOWS\SYSTEM32\WINHTTP.dll
0x00007ffad2c90000 - 0x00007ffad2cfa000 	C:\WINDOWS\system32\mswsock.dll
0x00007ffaa16b0000 - 0x00007ffaa16c2000 	D:\cube32mx\jre\bin\nio.dll
0x00007ffa87320000 - 0x00007ffa874b9000 	D:\cube32mx\jre\bin\awt.dll
0x00007ffad5590000 - 0x00007ffad565d000 	C:\WINDOWS\System32\OLEAUT32.dll
0x00007ffad2ec0000 - 0x00007ffad2ed8000 	C:\WINDOWS\SYSTEM32\CRYPTSP.dll
0x00007ffad2630000 - 0x00007ffad2664000 	C:\WINDOWS\system32\rsaenh.dll
0x00007ffad3a20000 - 0x00007ffad3a47000 	C:\WINDOWS\System32\bcrypt.dll
0x00007ffad3500000 - 0x00007ffad352e000 	C:\WINDOWS\SYSTEM32\USERENV.dll
0x00007ffad2e20000 - 0x00007ffad2e2c000 	C:\WINDOWS\SYSTEM32\CRYPTBASE.dll
0x00007ffad29a0000 - 0x00007ffad29db000 	C:\WINDOWS\SYSTEM32\IPHLPAPI.DLL
0x00007ffad4290000 - 0x00007ffad4298000 	C:\WINDOWS\System32\NSI.dll
0x00007ffaca090000 - 0x00007ffaca0a7000 	C:\WINDOWS\SYSTEM32\dhcpcsvc6.DLL
0x00007ffaca040000 - 0x00007ffaca05d000 	C:\WINDOWS\SYSTEM32\dhcpcsvc.DLL
0x00007ffad29e0000 - 0x00007ffad2aab000 	C:\WINDOWS\SYSTEM32\DNSAPI.dll
0x00007ffad0fc0000 - 0x00007ffad105e000 	C:\WINDOWS\system32\uxtheme.dll
0x00007ffad3fd0000 - 0x00007ffad40e5000 	C:\WINDOWS\System32\MSCTF.dll
0x00007ffad4a10000 - 0x00007ffad4b3a000 	C:\WINDOWS\System32\ole32.dll
0x00007ffad11d0000 - 0x00007ffad11ff000 	C:\WINDOWS\system32\DWMAPI.DLL
0x00007ffa73f90000 - 0x00007ffa740b6000 	C:\WINDOWS\system32\opengl32.dll
0x00007ffaa1030000 - 0x00007ffaa105c000 	C:\WINDOWS\SYSTEM32\GLU32.dll
0x00007ffaad080000 - 0x00007ffaad24f000 	C:\WINDOWS\system32\d3d9.dll
0x00007ffaca1d0000 - 0x00007ffaca3be000 	C:\WINDOWS\System32\DriverStore\FileRepository\u0335410.inf_amd64_8673f154b4eb3d39\B335408\aticfx64.dll
0x00007ffaa0140000 - 0x00007ffaa016e000 	C:\WINDOWS\System32\DriverStore\FileRepository\u0335410.inf_amd64_8673f154b4eb3d39\B335408\atiu9p64.dll
0x00007ffa72250000 - 0x00007ffa72e99000 	C:\WINDOWS\System32\DriverStore\FileRepository\u0335410.inf_amd64_8673f154b4eb3d39\B335408\atiumd64.dll
0x000000005b8d0000 - 0x000000005c557000 	C:\WINDOWS\System32\DriverStore\FileRepository\u0335410.inf_amd64_8673f154b4eb3d39\B335408\atiumd6a.dll
0x00007ffad3470000 - 0x00007ffad34bb000 	C:\WINDOWS\SYSTEM32\POWRPROF.dll
0x00007ffad3450000 - 0x00007ffad3462000 	C:\WINDOWS\SYSTEM32\UMPDC.dll
0x000000005ac30000 - 0x000000005b8c5000 	C:\WINDOWS\System32\DriverStore\FileRepository\u0335410.inf_amd64_8673f154b4eb3d39\B335408\atiumd6t.dll
0x00007ffacac10000 - 0x00007ffacac4b000 	C:\WINDOWS\SYSTEM32\dxcore.dll
0x00007ffad3d00000 - 0x00007ffad3d4e000 	C:\WINDOWS\System32\cfgmgr32.dll
0x00007ffa8b0e0000 - 0x00007ffa8b165000 	D:\cube32mx\jre\bin\freetype.dll
0x00007ffa8c520000 - 0x00007ffa8c532000 	D:\cube32mx\jre\bin\fontmanager.dll
0x00007ffa73ed0000 - 0x00007ffa73f8c000 	D:\cube32mx\jre\bin\harfbuzz.dll
0x00007ffacc450000 - 0x00007ffacc45a000 	C:\Windows\System32\rasadhlp.dll
0x00007ffabca10000 - 0x00007ffabca19000 	D:\cube32mx\jre\bin\management.dll
0x00007ffab6410000 - 0x00007ffab641b000 	D:\cube32mx\jre\bin\management_ext.dll
0x00007ffab23e0000 - 0x00007ffab23e9000 	D:\cube32mx\jre\bin\prefs.dll
0x00007ffab1ed0000 - 0x00007ffab1ee7000 	C:\WINDOWS\system32\napinsp.dll
0x00007ffab1c40000 - 0x00007ffab1c5b000 	C:\WINDOWS\system32\pnrpnsp.dll
0x00007fface510000 - 0x00007fface525000 	C:\WINDOWS\system32\wshbth.dll
0x00007ffacf000000 - 0x00007ffacf01d000 	C:\WINDOWS\system32\NLAapi.dll
0x00007ffab1c20000 - 0x00007ffab1c32000 	C:\WINDOWS\System32\winrnr.dll
0x00007ffac7280000 - 0x00007ffac7300000 	C:\WINDOWS\System32\fwpuclnt.dll

dbghelp: loaded successfully - version: 4.0.5 - missing functions: none
symbol engine: initialized successfully - sym options: 0x614 - pdb path: .;D:\cube32mx\jre\bin;C:\WINDOWS\SYSTEM32;C:\WINDOWS\WinSxS\amd64_microsoft.windows.common-controls_6595b64144ccf1df_6.0.19041.1110_none_60b5254171f9507e;D:\cube32mx\jre\bin\server;C:\WINDOWS\System32\DriverStore\FileRepository\u0335410.inf_amd64_8673f154b4eb3d39\B335408

VM Arguments:
java_command: com.st.microxplorer.maingui.STM32CubeMX D:\cube32\c8_hongwai\c8_hongwai.ioc
java_class_path (initial): D:\cube32mx\STM32CubeMX.exe;anything
Launcher Type: SUN_STANDARD

[Global flags]
     intx CICompilerCount                          = 4                                         {product} {ergonomic}
     uint ConcGCThreads                            = 2                                         {product} {ergonomic}
     uint G1ConcRefinementThreads                  = 8                                         {product} {ergonomic}
   size_t G1HeapRegionSize                         = 1048576                                   {product} {ergonomic}
    uintx GCDrainStackTargetSize                   = 64                                        {product} {ergonomic}
   size_t InitialHeapSize                          = 117440512                                 {product} {ergonomic}
   size_t MarkStackSize                            = 4194304                                   {product} {ergonomic}
   size_t MaxHeapSize                              = 1853882368                                {product} {ergonomic}
   size_t MaxNewSize                               = 1111490560                                {product} {ergonomic}
   size_t MinHeapDeltaBytes                        = 1048576                                   {product} {ergonomic}
    uintx NonNMethodCodeHeapSize                   = 5836300                                {pd product} {ergonomic}
    uintx NonProfiledCodeHeapSize                  = 122910970                              {pd product} {ergonomic}
    uintx ProfiledCodeHeapSize                     = 122910970                              {pd product} {ergonomic}
    uintx ReservedCodeCacheSize                    = 251658240                              {pd product} {ergonomic}
     bool SegmentedCodeCache                       = true                                      {product} {ergonomic}
     bool UseCompressedClassPointers               = true                                 {lp64_product} {ergonomic}
     bool UseCompressedOops                        = true                                 {lp64_product} {ergonomic}
     bool UseG1GC                                  = true                                      {product} {ergonomic}
     bool UseLargePagesIndividualAllocation        = false                                  {pd product} {ergonomic}

Logging:
Log output configuration:
 #0: stdout all=warning uptime,level,tags
 #1: stderr all=off uptime,level,tags

Environment Variables:
JAVA_HOME=D:\java
PATH=D:\cube32mx\;C:\Program Files (x86)\Common Files\Oracle\Java\javapath;C:\WINDOWS\system32;C:\WINDOWS;C:\WINDOWS\System32\Wbem;C:\WINDOWS\System32\WindowsPowerShell\v1.0\;C:\WINDOWS\System32\OpenSSH\;C:\Program Files\Intel\WiFi\bin\;C:\Program Files\Common Files\Intel\WirelessCommon\;C:\Program Files\Microsoft SQL Server\120\Tools\Binn\;D:\weixinapp\微信web开发者工具\dll;C:\Pro;ramData\chocolatey\bin;D:\openssl\OpenSSL-Win64\bin;D:\node.js\node_global;D:\nodejs\node_global;D:\nodejs\;C:\Program Files\Microsoft SQL Server\130\Tools\Binn\;C:\Program Files (x86)\Microsoft Visual Studio\2019\BuildTools\MSBuild\Current\Bin;D:\cmake\bin;D:\Scripts;D:\Scripts;D:\nivisa\WinNT\Bin\;C:\Program Files\IVI Foundation\VISA\Win64\Bin\;D:\nivisa\WinNT\Bin;C:\Program Files\Git\cmd;D:\MATLAB\runtime\win64;D:\MATLAB\bin;C:\Program Files (x86)\Microsoft SDKs\Azure\CLI2\wbin;C:\Program Files (x86)\Common Files\Oracle\Java\javapath;C:\WINDOWS\system32;C:\WINDOWS;C:\WINDOWS\System32\Wbem;C:\WINDOWS\System32\WindowsPowerShell\v1.0\;C:\WINDOWS\System32\OpenSSH\;C:\Program Files\Intel\WiFi\bin\;C:\Program Files\Common Files\Intel\WirelessCommon\;C:\Program Files\Microsoft SQL Server\120\Tools\Binn\;C:\Program Files\Git\cmd;D:\weixinapp\微信web开发者工具\dll;C:\ProgramData\chocolatey\bin;D:\openssl\OpenSSL-Win64\bin;D:\node.js\node_global;D:\nodejs\node_global;D:\nodejs\;C:\Program Files\Microsoft SQL Server\130\Tools\Binn\;C:\Program Files (x86)\Microsoft Visual Studio\2019\BuildTools\MSBuild\Current\Bin;D:\cmake\bin;D:\Scripts;D:\Scripts;C:\Program Files (x86)\National Instruments\Shared\LabVIEW CLI;D:\nivisa\WinNT\Bin\;C:\Program Files\IVI Foundation\VISA\Win64\Bin\;D:\nivisa\WinNT\Bin;D:\python11\Scripts\;D:\python11\;D:;D:\nodejs\node_global\node_modules\windows-build-tools\node_modules\.bin;D:\nodejs\node_global\node_modules\node_mod;D:\vscode\Microsoft VS Code\bin;D:\cube32mx\.\jre\\bin
USERNAME=34010
OS=Windows_NT
PROCESSOR_IDENTIFIER=AMD64 Family 23 Model 17 Stepping 0, AuthenticAMD



---------------  S Y S T E M  ---------------

OS: Windows 10 , 64 bit Build 19041 (10.0.19041.1706)
OS uptime: 0 days 16:25 hours
Hyper-V role detected

CPU:total 8 (initial active 8) (8 cores per cpu, 2 threads per core) family 23 model 17 stepping 0 microcode 0x0, cmov, cx8, fxsr, mmx, sse, sse2, sse3, ssse3, sse4.1, sse4.2, popcnt, avx, avx2, aes, clmul, mmxext, 3dnowpref, lzcnt, sse4a, ht, tsc, tscinvbit, tscinv, bmi1, bmi2, adx, s

Memory: 4k page, system-wide physical 7069M (669M free)
TotalPageFile size 14113M (AvailPageFile size 5M)
current process WorkingSet (physical memory assigned to process): 192M, peak: 192M
current process commit charge ("private bytes"): 305M, peak: 306M

vm_info: OpenJDK 64-Bit Server VM (11.0.10+9) for windows-amd64 JRE (11.0.10+9), built on Jan 20 2021 06:07:07 by "" with MS VC++ 15.9 (VS2017)

END.
